build/jsb-link/frameworks/runtime-src/proj.android-studio/app/build/outputs/logs/manifest-merger-release-report.txt
-- Merging decision tree log ---
manifest
ADDED from proj.android-studio\app\AndroidManifest.xml:2:1-61:12
INJECTED from proj.android-studio\app\AndroidManifest.xml:2:1-61:12
INJECTED from proj.android-studio\app\AndroidManifest.xml:2:1-61:12
INJECTED from proj.android-studio\app\AndroidManifest.xml:2:1-61:12
MERGED from [:libcocos2dx] AndroidManifest.xml:2:1-11:12
INJECTED from proj.android-studio\app\AndroidManifest.xml:2:1-61:12
INJECTED from proj.android-studio\app\AndroidManifest.xml:2:1-61:12
INJECTED from proj.android-studio\app\AndroidManifest.xml:2:1-61:12
	package
		ADDED from proj.android-studio\app\AndroidManifest.xml:3:5-36
		INJECTED from proj.android-studio\app\AndroidManifest.xml
		INJECTED from proj.android-studio\app\AndroidManifest.xml
	android:versionName
		INJECTED from proj.android-studio\app\AndroidManifest.xml
		ADDED from proj.android-studio\app\AndroidManifest.xml:2:1-61:12
		INJECTED from proj.android-studio\app\AndroidManifest.xml
	android:versionCode
		INJECTED from proj.android-studio\app\AndroidManifest.xml
		ADDED from proj.android-studio\app\AndroidManifest.xml:2:1-61:12
		INJECTED from proj.android-studio\app\AndroidManifest.xml
	xmlns:android
		ADDED from proj.android-studio\app\AndroidManifest.xml:2:11-69
	android:installLocation
		ADDED from proj.android-studio\app\AndroidManifest.xml:4:5-35
uses-feature#0x00020000
ADDED from proj.android-studio\app\AndroidManifest.xml:6:5-54
	android:glEsVersion
		ADDED from proj.android-studio\app\AndroidManifest.xml:6:19-51
uses-permission#android.permission.INTERNET
ADDED from proj.android-studio\app\AndroidManifest.xml:8:5-66
	android:name
		ADDED from proj.android-studio\app\AndroidManifest.xml:8:22-64
uses-permission#android.permission.CHANGE_NETWORK_STATE
ADDED from proj.android-studio\app\AndroidManifest.xml:9:5-78
	android:name
		ADDED from proj.android-studio\app\AndroidManifest.xml:9:22-76
uses-permission#android.permission.CHANGE_WIFI_STATE
ADDED from proj.android-studio\app\AndroidManifest.xml:10:5-75
	android:name
		ADDED from proj.android-studio\app\AndroidManifest.xml:10:22-73
uses-permission#android.permission.ACCESS_NETWORK_STATE
ADDED from proj.android-studio\app\AndroidManifest.xml:11:5-78
	android:name
		ADDED from proj.android-studio\app\AndroidManifest.xml:11:22-76
uses-permission#android.permission.ACCESS_WIFI_STATE
ADDED from proj.android-studio\app\AndroidManifest.xml:12:5-75
	android:name
		ADDED from proj.android-studio\app\AndroidManifest.xml:12:22-73
uses-permission#android.permission.READ_PHONE_STATE
ADDED from proj.android-studio\app\AndroidManifest.xml:13:5-74
	android:name
		ADDED from proj.android-studio\app\AndroidManifest.xml:13:22-72
uses-permission#android.permission.WRITE_EXTERNAL_STORAGE
ADDED from proj.android-studio\app\AndroidManifest.xml:14:5-80
	android:name
		ADDED from proj.android-studio\app\AndroidManifest.xml:14:22-78
uses-permission#android.permission.RESTART_PACKAGES
ADDED from proj.android-studio\app\AndroidManifest.xml:15:5-75
	android:name
		ADDED from proj.android-studio\app\AndroidManifest.xml:15:22-72
uses-permission#android.permission.KILL_BACKGROUND_PROCESSES
ADDED from proj.android-studio\app\AndroidManifest.xml:16:5-84
	android:name
		ADDED from proj.android-studio\app\AndroidManifest.xml:16:22-81
application
ADDED from proj.android-studio\app\AndroidManifest.xml:18:5-59:19
	android:label
		ADDED from proj.android-studio\app\AndroidManifest.xml:20:9-41
	android:icon
		ADDED from proj.android-studio\app\AndroidManifest.xml:21:9-43
	android:allowBackup
		ADDED from proj.android-studio\app\AndroidManifest.xml:19:9-35
meta-data#android.app.lib_name
ADDED from proj.android-studio\app\AndroidManifest.xml:24:9-25:48
	android:value
		ADDED from proj.android-studio\app\AndroidManifest.xml:25:20-45
	android:name
		ADDED from proj.android-studio\app\AndroidManifest.xml:24:20-55
activity#org.cocos2dx.javascript.AppActivity
ADDED from proj.android-studio\app\AndroidManifest.xml:27:9-47:20
	android:screenOrientation
		ADDED from proj.android-studio\app\AndroidManifest.xml:29:13-56
	android:label
		ADDED from proj.android-studio\app\AndroidManifest.xml:31:13-45
	android:launchMode
		ADDED from proj.android-studio\app\AndroidManifest.xml:32:13-48
	android:configChanges
		ADDED from proj.android-studio\app\AndroidManifest.xml:30:13-74
	android:theme
		ADDED from proj.android-studio\app\AndroidManifest.xml:33:13-71
	android:name
		ADDED from proj.android-studio\app\AndroidManifest.xml:28:13-63
intent-filter#action:name:android.intent.action.MAIN+category:name:android.intent.category.LAUNCHER
ADDED from proj.android-studio\app\AndroidManifest.xml:34:13-37:29
action#android.intent.action.MAIN
ADDED from proj.android-studio\app\AndroidManifest.xml:35:17-69
	android:name
		ADDED from proj.android-studio\app\AndroidManifest.xml:35:25-66
category#android.intent.category.LAUNCHER
ADDED from proj.android-studio\app\AndroidManifest.xml:36:17-77
	android:name
		ADDED from proj.android-studio\app\AndroidManifest.xml:36:27-74
intent-filter#action:name:android.intent.action.VIEW+category:name:android.intent.category.BROWSABLE+category:name:android.intent.category.DEFAULT+data:host:enjoypuke+data:scheme:xinchang
ADDED from proj.android-studio\app\AndroidManifest.xml:38:13-46:29
action#android.intent.action.VIEW
ADDED from proj.android-studio\app\AndroidManifest.xml:39:17-68
	android:name
		ADDED from proj.android-studio\app\AndroidManifest.xml:39:25-66
category#android.intent.category.DEFAULT
ADDED from proj.android-studio\app\AndroidManifest.xml:40:17-75
	android:name
		ADDED from proj.android-studio\app\AndroidManifest.xml:40:27-73
category#android.intent.category.BROWSABLE
ADDED from proj.android-studio\app\AndroidManifest.xml:41:17-78
	android:name
		ADDED from proj.android-studio\app\AndroidManifest.xml:41:27-75
data
ADDED from proj.android-studio\app\AndroidManifest.xml:43:17-45:48
	android:host
		ADDED from proj.android-studio\app\AndroidManifest.xml:44:21-45
	android:scheme
		ADDED from proj.android-studio\app\AndroidManifest.xml:45:21-46
activity#org.cocos2d.enjoypuke.wxapi.WXEntryActivity
ADDED from proj.android-studio\app\AndroidManifest.xml:48:9-52:20
	android:label
		ADDED from proj.android-studio\app\AndroidManifest.xml:51:13-45
	android:exported
		ADDED from proj.android-studio\app\AndroidManifest.xml:50:13-36
	android:name
		ADDED from proj.android-studio\app\AndroidManifest.xml:49:13-50
activity#org.cocos2dx.javascript.JumpActivity
ADDED from proj.android-studio\app\AndroidManifest.xml:53:9-58:20
	android:label
		ADDED from proj.android-studio\app\AndroidManifest.xml:56:13-45
	android:exported
		ADDED from proj.android-studio\app\AndroidManifest.xml:55:13-36
	android:name
		ADDED from proj.android-studio\app\AndroidManifest.xml:54:13-64
uses-sdk
INJECTED from proj.android-studio\app\AndroidManifest.xml reason: use-sdk injection requested
INJECTED from proj.android-studio\app\AndroidManifest.xml
INJECTED from proj.android-studio\app\AndroidManifest.xml
MERGED from [:libcocos2dx] AndroidManifest.xml:7:5-9:41
MERGED from [:libcocos2dx] AndroidManifest.xml:7:5-9:41
INJECTED from proj.android-studio\app\AndroidManifest.xml
INJECTED from proj.android-studio\app\AndroidManifest.xml
	android:targetSdkVersion
		INJECTED from proj.android-studio\app\AndroidManifest.xml
		ADDED from proj.android-studio\app\AndroidManifest.xml
		INJECTED from proj.android-studio\app\AndroidManifest.xml
	android:minSdkVersion
		INJECTED from proj.android-studio\app\AndroidManifest.xml
		ADDED from proj.android-studio\app\AndroidManifest.xml
		INJECTED from proj.android-studio\app\AndroidManifest.xml